ISim log file
Running: E:\427\Lab7\nesControllerVHD\test_isim_beh.exe -intstyle ise -gui -tclbatch E:/427/Lab7/nesControllerVHD/test.tcl -wdb E:/427/Lab7/nesControllerVHD/test_isim_beh.wdb 
ISim O.87xd (signature 0xc3576ebc)
----------------------------------------------------------------------
INFO:Security:51 - The XILINXD_LICENSE_FILE environment variable is not set.
INFO:Security:52 - The LM_LICENSE_FILE environment variable is set to '2100@xilinxlic1.ee.byu.edu'.
WARNING:Security:43 - No license file was found in the standard Xilinx license directory.
WARNING:Security:44 - Since no license file was found,
       please run the Xilinx License Configuration Manager
       (xlcm or "Manage Xilinx Licenses")
       to assist in obtaining a license.
WARNING:Security:42 - Your software subscription period has lapsed. Your current version of Xilinx tools will continue to function, but you no longer qualify for Xilinx software updates or new releases.


----------------------------------------------------------------------
This is a Full version of ISim.
Time resolution is 1 ps
# wave add / -radix unsigned
# isim force add Bus2IP_Resetn 0 -time 0
# isim force add data 0 -time 0
# isim force add Bus2IP_Clk 0 -time 0 -value 1 -time 2ns -repeat 4ns
# run 60 ns
Simulator is doing circuit initialization process.
Finished circuit initialization process.
# isim force add Bus2IP_Resetn 1 -time 0
# run 10000000 ns
# run 10 ms
# run 10 ms
