E:\427\Lab8\HardWare\implementation\system.ngc 1481075374
E:/427/Lab8/HardWare/implementation/push_buttons_5bits_wrapper.ngc 1481075250
E:/427/Lab8/HardWare/implementation/switch_0_wrapper.ngc 1481075250
E:/427/Lab8/HardWare/implementation/rs232_uart_1_wrapper.ngc 1481075250
E:/427/Lab8/HardWare/implementation/proc_sys_reset_0_wrapper.ngc 1481075248
E:/427/Lab8/HardWare/implementation/clock_generator_0_wrapper.ngc 1481075344
E:/427/Lab8/HardWare/implementation/axi_hdmi_0_wrapper.ngc 1481075250
E:/427/Lab8/HardWare/implementation/axi_ac97_0_wrapper.ngc 1481075312
E:/427/Lab8/HardWare/implementation/nes_controller_0_wrapper.ngc 1481075324
E:/427/Lab8/HardWare/implementation/microblaze_0_ilmb_wrapper.ngc 1481075248
E:/427/Lab8/HardWare/implementation/microblaze_0_dlmb_wrapper.ngc 1481075248
E:/427/Lab8/HardWare/implementation/mcb_ddr2_wrapper.ngc 1481075250
E:/427/Lab8/HardWare/implementation/axi4lite_0_wrapper.ngc 1481075250
E:/427/Lab8/HardWare/implementation/axi4_0_wrapper.ngc 1481075250
E:/427/Lab8/HardWare/implementation/microblaze_0_wrapper.ngc 1481075250
E:/427/Lab8/HardWare/implementation/axi_vdma_0_wrapper.ngc 1481075250
E:/427/Lab8/HardWare/implementation/axi_intc_0_wrapper.ngc 1481075296
E:/427/Lab8/HardWare/implementation/microblaze_0_i_bram_ctrl_wrapper.ngc 1481075248
E:/427/Lab8/HardWare/implementation/microblaze_0_d_bram_ctrl_wrapper.ngc 1481075248
E:/427/Lab8/HardWare/implementation/debug_module_wrapper.ngc 1481075250
E:/427/Lab8/HardWare/implementation/pit_0_wrapper.ngc 1481075276
E:/427/Lab8/HardWare/implementation/fit_timer_0_wrapper.ngc 1481075250
E:/427/Lab8/HardWare/implementation/axi_timer_0_wrapper.ngc 1481075250
E:/427/Lab8/HardWare/implementation/dma_0_wrapper.ngc 1481075340
E:/427/Lab8/HardWare/implementation/microblaze_0_bram_block_wrapper.ngc 1481075248
E:/427/Lab8/HardWare/implementation/fit_timer_1_wrapper.ngc 1481075250
OK
