ISim log file
Running: isim_system -gui -tclbatch system_setup.tcl 
ISim O.87xd (signature 0xc3576ebc)
----------------------------------------------------------------------
INFO:Security:51 - The XILINXD_LICENSE_FILE environment variable is not set.
INFO:Security:52 - The LM_LICENSE_FILE environment variable is set to '2100@xilinxlic1.ee.byu.edu'.
WARNING:Security:43 - No license file was found in the standard Xilinx license directory.
WARNING:Security:44 - Since no license file was found,
       please run the Xilinx License Configuration Manager
       (xlcm or "Manage Xilinx Licenses")
       to assist in obtaining a license.
WARNING:Security:42 - Your software subscription period has lapsed. Your current version of Xilinx tools will continue to function, but you no longer qualify for Xilinx software updates or new releases.


----------------------------------------------------------------------
This is a Full version of ISim.
Time resolution is 100 fs
# proc w  
  global  tbpath
  global  PathSeparator
  puts  "Setting up signal tracing ..."
  source system_wave.tcl

# proc w_top  
  global  tbpath
  global  PathSeparator
  puts  "Setting up signal tracing ..."
  set id [group add "Top level ports"]
  source top_level_ports_wave.tcl

# proc w_instance {design_instance_name } 
  global  tbpath
  global  PathSeparator
  puts  "Setting up signal tracing ..."
  wave add $design_instance_name

# proc PrintHelpInformation  
  puts "**********************************************************************"
  puts "**********************************************************************"
  puts "***"
  puts "***   Simulation Setup Macros (system_setup.tcl)"
  puts "***"
  puts "***   w   =>  set up signal tracing for the ISE Simulator waveform"
  puts "***           viewer (edit signal lists in system_wave.tcl)"
  puts "***"
  puts "***   w_top =>  Observe top level signals in the ISim Waveform Viewer"
  puts "***"
  puts "***   w_instance <<instance name>>  =>  Observe signals of the given instance in the ISim waveform viewer"
  puts "***           (Example: w /system/dlm_cntrl to observe signals of dlmb controller)."
  puts "***"
  puts "***   h   =>  print this help menu"
  puts "***"
  puts "***   Default flow is: reset; w_top; run 1000ns or reset; w; run 1000ns"
  puts "***"
  puts "**********************************************************************"
  puts "**********************************************************************"

# proc h   PrintHelpInformation 
# puts Setting up simulation commands ...
# PrintHelpInformation
# run 100 ms
Simulator is doing circuit initialization process.
at 0 fs, Instance /system_tb/dut/microblaze_0/microblaze_0/MicroBlaze_Core_I/performance/Decode_I/PC_Module_I/ : Warning: NUMERIC_STD.TO_INTEGER: metavalue detected, returning 0
at 0 fs, Instance /system_tb/dut/microblaze_0/microblaze_0/MicroBlaze_Core_I/performance/Decode_I/PreFetch_Buffer_I1/ : Warning: NUMERIC_STD.TO_INTEGER: metavalue detected, returning 0
at 0 fs, Instance /system_tb/dut/microblaze_0/microblaze_0/MicroBlaze_Core_I/performance/Data_Flow_I/ : Warning: NUMERIC_STD."<": metavalue detected, returning FALSE
at 0 fs, Instance /system_tb/dut/microblaze_0/microblaze_0/MicroBlaze_Core_I/performance/using_dcache/using_writethrough/DCache_I1/ : Warning: NUMERIC_STD.TO_INTEGER: metavalue detected, returning 0
at 0 fs, Instance /system_tb/dut/microblaze_0/microblaze_0/MicroBlaze_Core_I/performance/using_dcache/using_writethrough/DCache_I1/ : Warning: NUMERIC_STD.TO_INTEGER: metavalue detected, returning 0
at 0 fs, Instance /system_tb/dut/microblaze_0/microblaze_0/MicroBlaze_Core_I/performance/using_dcache/using_writethrough/DCache_I1/ : Warning: NUMERIC_STD.TO_INTEGER: metavalue detected, returning 0
at 0 fs, Instance /system_tb/dut/microblaze_0/microblaze_0/MicroBlaze_Core_I/performance/using_dcache/using_writethrough/DCache_I1/ : Warning: NUMERIC_STD.TO_INTEGER: metavalue detected, returning 0
at 0 fs, Instance /system_tb/dut/microblaze_0/microblaze_0/MicroBlaze_Core_I/performance/using_dcache/using_writethrough/DCache_I1/using_new_cacheinterface_for_axi/Cache_Interface_I1/ : Warning: NUMERIC_STD.TO_INTEGER: metavalue detected, returning 0
at 0 fs, Instance /system_tb/dut/microblaze_0/microblaze_0/MicroBlaze_Core_I/performance/using_dcache/using_writethrough/DCache_I1/using_new_cacheinterface_for_axi/Cache_Interface_I1/ : Warning: NUMERIC_STD.TO_INTEGER: metavalue detected, returning 0
at 0 fs, Instance /system_tb/dut/microblaze_0/microblaze_0/MicroBlaze_Core_I/performance/using_dcache/using_writethrough/DCache_I1/using_new_cacheinterface_for_axi/Cache_Interface_I1/ : Warning: NUMERIC_STD.TO_INTEGER: metavalue detected, returning 0
at 0 fs, Instance /system_tb/dut/microblaze_0/microblaze_0/MicroBlaze_Core_I/performance/using_dcache/using_writethrough/DCache_I1/using_new_cacheinterface_for_axi/Cache_Interface_I1/ : Warning: NUMERIC_STD.TO_INTEGER: metavalue detected, returning 0
at 0 fs, Instance /system_tb/dut/microblaze_0/microblaze_0/MicroBlaze_Core_I/performance/using_dcache/using_writethrough/DCache_I1/using_new_cacheinterface_for_axi/Cache_Interface_I1/ : Warning: NUMERIC_STD.TO_INTEGER: metavalue detected, returning 0
at 0 fs, Instance /system_tb/dut/microblaze_0/microblaze_0/MicroBlaze_Core_I/performance/using_dcache/using_writethrough/DCache_I1/using_new_cacheinterface_for_axi/Cache_Interface_I1/ : Warning: NUMERIC_STD.TO_INTEGER: metavalue detected, returning 0
at 0 fs, Instance /system_tb/dut/microblaze_0/microblaze_0/MicroBlaze_Core_I/performance/using_dcache/using_writethrough/DCache_I1/using_new_cacheinterface_for_axi/Cache_Interface_I1/ : Warning: NUMERIC_STD.TO_INTEGER: metavalue detected, returning 0
at 0 fs, Instance /system_tb/dut/microblaze_0/microblaze_0/MicroBlaze_Core_I/performance/using_dcache/using_writethrough/DCache_I1/using_new_cacheinterface_for_axi/Cache_Interface_I1/ : Warning: NUMERIC_STD.TO_INTEGER: metavalue detected, returning 0
at 0 fs, Instance /system_tb/dut/microblaze_0/microblaze_0/MicroBlaze_Core_I/performance/using_dcache/using_writethrough/DCache_I1/using_new_cacheinterface_for_axi/Cache_Interface_I1/ : Warning: NUMERIC_STD.TO_INTEGER: metavalue detected, returning 0
at 0 fs, Instance /system_tb/dut/microblaze_0/microblaze_0/MicroBlaze_Core_I/performance/using_icache/ICache_I1/ : Warning: NUMERIC_STD.TO_INTEGER: metavalue detected, returning 0
at 0 fs, Instance /system_tb/dut/microblaze_0/microblaze_0/MicroBlaze_Core_I/performance/using_icache/ICache_I1/Cache_Interface_I1/ : Warning: NUMERIC_STD.TO_INTEGER: metavalue detected, returning 0
at 0 fs, Instance /system_tb/dut/microblaze_0/microblaze_0/MicroBlaze_Core_I/performance/using_icache/ICache_I1/Cache_Interface_I1/ : Warning: NUMERIC_STD.TO_INTEGER: metavalue detected, returning 0
at 0 fs, Instance /system_tb/dut/microblaze_0/microblaze_0/MicroBlaze_Core_I/performance/using_icache/ICache_I1/Cache_Interface_I1/ : Warning: NUMERIC_STD.TO_INTEGER: metavalue detected, returning 0
at 0 fs, Instance /system_tb/dut/microblaze_0/microblaze_0/MicroBlaze_Core_I/performance/using_icache/ICache_I1/Cache_Interface_I1/ : Warning: NUMERIC_STD.TO_INTEGER: metavalue detected, returning 0
at 0 fs, Instance /system_tb/dut/microblaze_0/microblaze_0/MicroBlaze_Core_I/performance/using_icache/ICache_I1/Cache_Interface_I1/ : Warning: NUMERIC_STD.TO_INTEGER: metavalue detected, returning 0
at 0 fs, Instance /system_tb/dut/microblaze_0/microblaze_0/MicroBlaze_Core_I/performance/using_icache/ICache_I1/Cache_Interface_I1/ : Warning: NUMERIC_STD.TO_INTEGER: metavalue detected, returning 0
at 0 fs, Instance /system_tb/dut/axi_vdma_0/axi_vdma_0/gen_sprt_for_mm2s/MM2S_LINEBUFFER_I/gen_linebuffer/gen_async_fifo/I_LINEBUFFER_FIFO/ : Warning: There is an 'U'|'X'|'W'|'Z'|'-' in an arithmetic operand, the result will be 'X'(es).
at 0 fs, Instance /system_tb/dut/axi_vdma_0/axi_vdma_0/gen_sprt_for_mm2s/MM2S_LINEBUFFER_I/gen_linebuffer/gen_async_fifo/I_LINEBUFFER_FIFO/ : Warning: CONV_INTEGER: There is an 'U'|'X'|'W'|'Z'|'-' in an arithmetic operand, and it has been converted to 0.
at 0 fs: Note: WARNING: Behavioral models for independent clock FIFO configurations do not model synchronization delays. The behavioral models are functionally correct, and will represent the behavior of the configured FIFO. See the FIFO Generator User Guide for more information. (/system_tb/dut/axi_vdma_0/axi_vdma_0/gen_sprt_for_mm2s/MM2S_LINEBUFFER_I/gen_linebuffer/gen_async_fifo/I_LINEBUFFER_FIFO/I_ASYNC_FIFOGEN_FIFO/use_2n_depth/v6_s6_and_later/I_ASYNC_FIFO_BRAM/gconvfifo/inst_conv_fifo/).
at 0 fs, Instance /system_tb/dut/axi_vdma_0/axi_vdma_0/I_PRMRY_DATAMOVER/gen_mm2s_full/I_MM2S_FULL_WRAPPER/I_RD_DATA_CNTL/ : Warning: NUMERIC_STD.TO_UNSIGNED: vector truncated
at 0 fs, Instance /system_tb/dut/axi_hdmi_0/axi_hdmi_0/use_hdmi_out/Inst_AxiHDMITransmitter/Inst_DVITransmitter/Inst_TMDSEncoder_red/ : Warning: There is an 'U'|'X'|'W'|'Z'|'-' in an arithmetic operand, the result will be 'X'(es).
at 0 fs, Instance /system_tb/dut/axi_hdmi_0/axi_hdmi_0/use_hdmi_out/Inst_AxiHDMITransmitter/Inst_DVITransmitter/Inst_TMDSEncoder_red/ : Warning: There is an 'U'|'X'|'W'|'Z'|'-' in an arithmetic operand, the result will be 'X'(es).
at 0 fs, Instance /system_tb/dut/axi_hdmi_0/axi_hdmi_0/use_hdmi_out/Inst_AxiHDMITransmitter/Inst_DVITransmitter/Inst_TMDSEncoder_red/ : Warning: There is an 'U'|'X'|'W'|'Z'|'-' in an arithmetic operand, the result will be 'X'(es).
at 0 fs, Instance /system_tb/dut/axi_hdmi_0/axi_hdmi_0/use_hdmi_out/Inst_AxiHDMITransmitter/Inst_DVITransmitter/Inst_TMDSEncoder_red/ : Warning: There is an 'U'|'X'|'W'|'Z'|'-' in an arithmetic operand, the result will be 'X'(es).
at 0 fs, Instance /system_tb/dut/axi_hdmi_0/axi_hdmi_0/use_hdmi_out/Inst_AxiHDMITransmitter/Inst_DVITransmitter/Inst_TMDSEncoder_red/ : Warning: There is an 'U'|'X'|'W'|'Z'|'-' in an arithmetic operand, the result will be 'X'(es).
at 0 fs, Instance /system_tb/dut/axi_hdmi_0/axi_hdmi_0/use_hdmi_out/Inst_AxiHDMITransmitter/Inst_DVITransmitter/Inst_TMDSEncoder_red/ : Warning: There is an 'U'|'X'|'W'|'Z'|'-' in an arithmetic operand, the result will be 'X'(es).
at 0 fs, Instance /system_tb/dut/axi_hdmi_0/axi_hdmi_0/use_hdmi_out/Inst_AxiHDMITransmitter/Inst_DVITransmitter/Inst_TMDSEncoder_red/ : Warning: There is an 'U'|'X'|'W'|'Z'|'-' in an arithmetic operand, the result will be 'X'(es).
at 0 fs, Instance /system_tb/dut/axi_hdmi_0/axi_hdmi_0/use_hdmi_out/Inst_AxiHDMITransmitter/Inst_DVITransmitter/Inst_TMDSEncoder_red/ : Warning: There is an 'U'|'X'|'W'|'Z'|'-' in an arithmetic operand, the result will be 'X'(es).
at 0 fs, Instance /system_tb/dut/axi_hdmi_0/axi_hdmi_0/use_hdmi_out/Inst_AxiHDMITransmitter/Inst_DVITransmitter/Inst_TMDSEncoder_red/ : Warning: There is an 'U'|'X'|'W'|'Z'|'-' in an arithmetic operand, the result will be 'X'(es).
at 0 fs, Instance /system_tb/dut/axi_hdmi_0/axi_hdmi_0/use_hdmi_out/Inst_AxiHDMITransmitter/Inst_DVITransmitter/Inst_TMDSEncoder_green/ : Warning: There is an 'U'|'X'|'W'|'Z'|'-' in an arithmetic operand, the result will be 'X'(es).
at 0 fs, Instance /system_tb/dut/axi_hdmi_0/axi_hdmi_0/use_hdmi_out/Inst_AxiHDMITransmitter/Inst_DVITransmitter/Inst_TMDSEncoder_green/ : Warning: There is an 'U'|'X'|'W'|'Z'|'-' in an arithmetic operand, the result will be 'X'(es).
at 0 fs, Instance /system_tb/dut/axi_hdmi_0/axi_hdmi_0/use_hdmi_out/Inst_AxiHDMITransmitter/Inst_DVITransmitter/Inst_TMDSEncoder_green/ : Warning: There is an 'U'|'X'|'W'|'Z'|'-' in an arithmetic operand, the result will be 'X'(es).
at 0 fs, Instance /system_tb/dut/axi_hdmi_0/axi_hdmi_0/use_hdmi_out/Inst_AxiHDMITransmitter/Inst_DVITransmitter/Inst_TMDSEncoder_green/ : Warning: There is an 'U'|'X'|'W'|'Z'|'-' in an arithmetic operand, the result will be 'X'(es).
at 0 fs, Instance /system_tb/dut/axi_hdmi_0/axi_hdmi_0/use_hdmi_out/Inst_AxiHDMITransmitter/Inst_DVITransmitter/Inst_TMDSEncoder_green/ : Warning: There is an 'U'|'X'|'W'|'Z'|'-' in an arithmetic operand, the result will be 'X'(es).
at 0 fs, Instance /system_tb/dut/axi_hdmi_0/axi_hdmi_0/use_hdmi_out/Inst_AxiHDMITransmitter/Inst_DVITransmitter/Inst_TMDSEncoder_green/ : Warning: There is an 'U'|'X'|'W'|'Z'|'-' in an arithmetic operand, the result will be 'X'(es).
at 0 fs, Instance /system_tb/dut/axi_hdmi_0/axi_hdmi_0/use_hdmi_out/Inst_AxiHDMITransmitter/Inst_DVITransmitter/Inst_TMDSEncoder_green/ : Warning: There is an 'U'|'X'|'W'|'Z'|'-' in an arithmetic operand, the result will be 'X'(es).
at 0 fs, Instance /system_tb/dut/axi_hdmi_0/axi_hdmi_0/use_hdmi_out/Inst_AxiHDMITransmitter/Inst_DVITransmitter/Inst_TMDSEncoder_green/ : Warning: There is an 'U'|'X'|'W'|'Z'|'-' in an arithmetic operand, the result will be 'X'(es).
at 0 fs, Instance /system_tb/dut/axi_hdmi_0/axi_hdmi_0/use_hdmi_out/Inst_AxiHDMITransmitter/Inst_DVITransmitter/Inst_TMDSEncoder_green/ : Warning: There is an 'U'|'X'|'W'|'Z'|'-' in an arithmetic operand, the result will be 'X'(es).
at 0 fs, Instance /system_tb/dut/axi_hdmi_0/axi_hdmi_0/use_hdmi_out/Inst_AxiHDMITransmitter/Inst_DVITransmitter/Inst_TMDSEncoder_blue/ : Warning: There is an 'U'|'X'|'W'|'Z'|'-' in an arithmetic operand, the result will be 'X'(es).
at 0 fs, Instance /system_tb/dut/axi_hdmi_0/axi_hdmi_0/use_hdmi_out/Inst_AxiHDMITransmitter/Inst_DVITransmitter/Inst_TMDSEncoder_blue/ : Warning: There is an 'U'|'X'|'W'|'Z'|'-' in an arithmetic operand, the result will be 'X'(es).
at 0 fs, Instance /system_tb/dut/axi_hdmi_0/axi_hdmi_0/use_hdmi_out/Inst_AxiHDMITransmitter/Inst_DVITransmitter/Inst_TMDSEncoder_blue/ : Warning: There is an 'U'|'X'|'W'|'Z'|'-' in an arithmetic operand, the result will be 'X'(es).
at 0 fs, Instance /system_tb/dut/axi_hdmi_0/axi_hdmi_0/use_hdmi_out/Inst_AxiHDMITransmitter/Inst_DVITransmitter/Inst_TMDSEncoder_blue/ : Warning: There is an 'U'|'X'|'W'|'Z'|'-' in an arithmetic operand, the result will be 'X'(es).
at 0 fs, Instance /system_tb/dut/axi_hdmi_0/axi_hdmi_0/use_hdmi_out/Inst_AxiHDMITransmitter/Inst_DVITransmitter/Inst_TMDSEncoder_blue/ : Warning: There is an 'U'|'X'|'W'|'Z'|'-' in an arithmetic operand, the result will be 'X'(es).
at 0 fs, Instance /system_tb/dut/axi_hdmi_0/axi_hdmi_0/use_hdmi_out/Inst_AxiHDMITransmitter/Inst_DVITransmitter/Inst_TMDSEncoder_blue/ : Warning: There is an 'U'|'X'|'W'|'Z'|'-' in an arithmetic operand, the result will be 'X'(es).
at 0 fs, Instance /system_tb/dut/axi_hdmi_0/axi_hdmi_0/use_hdmi_out/Inst_AxiHDMITransmitter/Inst_DVITransmitter/Inst_TMDSEncoder_blue/ : Warning: There is an 'U'|'X'|'W'|'Z'|'-' in an arithmetic operand, the result will be 'X'(es).
at 0 fs, Instance /system_tb/dut/axi_hdmi_0/axi_hdmi_0/use_hdmi_out/Inst_AxiHDMITransmitter/Inst_DVITransmitter/Inst_TMDSEncoder_blue/ : Warning: There is an 'U'|'X'|'W'|'Z'|'-' in an arithmetic operand, the result will be 'X'(es).
at 0 fs, Instance /system_tb/dut/axi_hdmi_0/axi_hdmi_0/use_hdmi_out/Inst_AxiHDMITransmitter/Inst_DVITransmitter/Inst_TMDSEncoder_blue/ : Warning: There is an 'U'|'X'|'W'|'Z'|'-' in an arithmetic operand, the result will be 'X'(es).
at 0 fs, Instance /system_tb/dut/axi_ac97_0/axi_ac97_0/USER_LOGIC_I/AC97_CONTROLLER/AC97_FIFO_I/using_playback_bram/IN_FIFO/ : Warning: There is an 'U'|'X'|'W'|'Z'|'-' in an arithmetic operand, the result will be 'X'(es).
at 0 fs, Instance /system_tb/dut/axi_ac97_0/axi_ac97_0/USER_LOGIC_I/AC97_CONTROLLER/AC97_FIFO_I/using_recording_bram/OUT_FIFO/ : Warning: There is an 'U'|'X'|'W'|'Z'|'-' in an arithmetic operand, the result will be 'X'(es).
at 0 fs, Instance /system_tb/dut/RS232_Uart_1/RS232_Uart_1/UARTLITE_CORE_I/UARTLITE_RX_I/SRL_FIFO_I/I_SRL_FIFO_RBU_F/DYNSHREG_F_I/ : Warning: NUMERIC_STD.TO_INTEGER: metavalue detected, returning 0
at 0 fs, Instance /system_tb/dut/RS232_Uart_1/RS232_Uart_1/UARTLITE_CORE_I/UARTLITE_RX_I/SRL_FIFO_I/I_SRL_FIFO_RBU_F/DYNSHREG_F_I/ : Warning: NUMERIC_STD.TO_INTEGER: metavalue detected, returning 0
at 0 fs, Instance /system_tb/dut/RS232_Uart_1/RS232_Uart_1/UARTLITE_CORE_I/UARTLITE_TX_I/SRL_FIFO_I/I_SRL_FIFO_RBU_F/DYNSHREG_F_I/ : Warning: NUMERIC_STD.TO_INTEGER: metavalue detected, returning 0
at 0 fs, Instance /system_tb/dut/RS232_Uart_1/RS232_Uart_1/UARTLITE_CORE_I/UARTLITE_TX_I/SRL_FIFO_I/I_SRL_FIFO_RBU_F/DYNSHREG_F_I/ : Warning: NUMERIC_STD.TO_INTEGER: metavalue detected, returning 0
Finished circuit initialization process.
at 0 fs, Instance /system_tb/dut/microblaze_0/microblaze_0/MicroBlaze_Core_I/performance/using_dcache/using_writethrough/DCache_I1/using_new_cacheinterface_for_axi/Cache_Interface_I1/ : Warning: NUMERIC_STD.TO_INTEGER: metavalue detected, returning 0
at 0 fs, Instance /system_tb/dut/axi_hdmi_0/axi_hdmi_0/use_hdmi_out/Inst_AxiHDMITransmitter/Inst_DVITransmitter/Inst_TMDSEncoder_red/ : Warning: There is an 'U'|'X'|'W'|'Z'|'-' in an arithmetic operand, the result will be 'X'(es).
at 0 fs, Instance /system_tb/dut/axi_hdmi_0/axi_hdmi_0/use_hdmi_out/Inst_AxiHDMITransmitter/Inst_DVITransmitter/Inst_TMDSEncoder_green/ : Warning: There is an 'U'|'X'|'W'|'Z'|'-' in an arithmetic operand, the result will be 'X'(es).
at 0 fs, Instance /system_tb/dut/axi_hdmi_0/axi_hdmi_0/use_hdmi_out/Inst_AxiHDMITransmitter/Inst_DVITransmitter/Inst_TMDSEncoder_blue/ : Warning: There is an 'U'|'X'|'W'|'Z'|'-' in an arithmetic operand, the result will be 'X'(es).
at 100 ps(2), Instance /system_tb/dut/microblaze_0/microblaze_0/MicroBlaze_Core_I/performance/using_dcache/using_writethrough/DCache_I1/ : Warning: NUMERIC_STD.TO_INTEGER: metavalue detected, returning 0
at 175 ns(14), Instance /system_tb/dut/microblaze_0/microblaze_0/MicroBlaze_Core_I/performance/using_dcache/using_writethrough/DCache_I1/ : Warning: NUMERIC_STD.TO_INTEGER: metavalue detected, returning 0
at 175100 ps(2), Instance /system_tb/dut/RS232_Uart_1/RS232_Uart_1/UARTLITE_CORE_I/UARTLITE_RX_I/SRL_FIFO_I/I_SRL_FIFO_RBU_F/DYNSHREG_F_I/ : Warning: NUMERIC_STD.TO_INTEGER: metavalue detected, returning 0
at 175100 ps(2), Instance /system_tb/dut/RS232_Uart_1/RS232_Uart_1/UARTLITE_CORE_I/UARTLITE_RX_I/SRL_FIFO_I/I_SRL_FIFO_RBU_F/DYNSHREG_F_I/ : Warning: NUMERIC_STD.TO_INTEGER: metavalue detected, returning 0
at 175100 ps(2), Instance /system_tb/dut/RS232_Uart_1/RS232_Uart_1/UARTLITE_CORE_I/UARTLITE_TX_I/SRL_FIFO_I/I_SRL_FIFO_RBU_F/DYNSHREG_F_I/ : Warning: NUMERIC_STD.TO_INTEGER: metavalue detected, returning 0
at 175100 ps(2), Instance /system_tb/dut/RS232_Uart_1/RS232_Uart_1/UARTLITE_CORE_I/UARTLITE_TX_I/SRL_FIFO_I/I_SRL_FIFO_RBU_F/DYNSHREG_F_I/ : Warning: NUMERIC_STD.TO_INTEGER: metavalue detected, returning 0
at 325 ns(31), Instance /system_tb/dut/pit_0/pit_0/USER_LOGIC_I/ : Warning: NUMERIC_STD."=": metavalue detected, returning FALSE
at 325 ns(31), Instance /system_tb/dut/pit_0/pit_0/USER_LOGIC_I/ : Warning: NUMERIC_STD.">": metavalue detected, returning FALSE
at 325 ns(31), Instance /system_tb/dut/pit_0/pit_0/USER_LOGIC_I/ : Warning: NUMERIC_STD."=": metavalue detected, returning FALSE
at 335 ns(12), Instance /system_tb/dut/pit_0/pit_0/USER_LOGIC_I/ : Warning: NUMERIC_STD."=": metavalue detected, returning FALSE
at 335 ns(12), Instance /system_tb/dut/pit_0/pit_0/USER_LOGIC_I/ : Warning: NUMERIC_STD.">": metavalue detected, returning FALSE
at 335 ns(12), Instance /system_tb/dut/pit_0/pit_0/USER_LOGIC_I/ : Warning: NUMERIC_STD."=": metavalue detected, returning FALSE
Stopped at time : 6992499700 fs : File "v:/hipsBuilds/o_hips_v30.0/rst/hips/mcb/memc_mui.v" Line 28
